Added Component: Designator=D4(LED 1206_3216 RED)
Add component (AddParameter): Name = "Color"; Value = "Red"; VariantName = "[No Variations]"
Add component (AddParameter): Name = "ComponentLink1Description"; Value = "Datasheet"; VariantName = "[No Variations]"
Add component (AddParameter): Name = "ComponentLink1URL"; Value = "https://vcclite.com/wp-content/uploads/wpallimport/files/files/CMD152122Series.pdf"; VariantName = "[No Variations]"
Add component (AddParameter): Name = "ComponentLink2Description"; Value = "DigiKey Link"; VariantName = "[No Variations]"
Add component (AddParameter): Name = "ComponentLink2URL"; Value = "https://www.digikey.com/en/products/detail/visual-communications-company-vcc/CMD15-21SRC-TR8/254837"; VariantName = "[No Variations]"
Add component (AddParameter): Name = "Configuration"; Value = "Standard"; VariantName = "[No Variations]"
Add component (AddParameter): Name = "Current - Test"; Value = "20mA"; VariantName = "[No Variations]"
Add component (AddParameter): Name = "Device Package"; Value = "1206 (3216 Metric)"; VariantName = "[No Variations]"
Add component (AddParameter): Name = "Height (Max)"; Value = "1.30mm"; VariantName = "[No Variations]"
Add component (AddParameter): Name = "LastUpdated"; Value = "6/17/2022 4:18:52 AM"; VariantName = "[No Variations]"
Add component (AddParameter): Name = "Lens Color"; Value = "Colorless"; VariantName = "[No Variations]"
Add component (AddParameter): Name = "Lens Size"; Value = "2.00mm x 1.50mm"; VariantName = "[No Variations]"
Add component (AddParameter): Name = "Lens Style"; Value = "Rectangle with Flat Top"; VariantName = "[No Variations]"
Add component (AddParameter): Name = "Lens Transparency"; Value = "Clear"; VariantName = "[No Variations]"
Add component (AddParameter): Name = "Lifecycle Status"; Value = "Active"; VariantName = "[No Variations]"
Add component (AddParameter): Name = "Manufacturer"; Value = "Visual Communications Company - VCC"; VariantName = "[No Variations]"
Add component (AddParameter): Name = "Millicandela Rating"; Value = "15mcd"; VariantName = "[No Variations]"
Add component (AddParameter): Name = "Minimum Order"; Value = "1"; VariantName = "[No Variations]"
Add component (AddParameter): Name = "Mounting Type"; Value = "Surface Mount"; VariantName = "[No Variations]"
Add component (AddParameter): Name = "Package / Case"; Value = "1206 (3216 Metric)"; VariantName = "[No Variations]"
Add component (AddParameter): Name = "Packaging"; Value = "TapeAndReel"; VariantName = "[No Variations]"
Add component (AddParameter): Name = "Part Number"; Value = "CMD15-21SRC/TR8"; VariantName = "[No Variations]"
Add component (AddParameter): Name = "Part Status"; Value = "Active"; VariantName = "[No Variations]"
Add component (AddParameter): Name = "PartId"; Value = "237"; VariantName = "[No Variations]"
Add component (AddParameter): Name = "Price"; Value = "0.30"; VariantName = "[No Variations]"
Add component (AddParameter): Name = "Series"; Value = "-"; VariantName = "[No Variations]"
Add component (AddParameter): Name = "Size / Dimension"; Value = "3.20mm L x 1.50mm W"; VariantName = "[No Variations]"
Add component (AddParameter): Name = "Supplier 1"; Value = "DigiKey"; VariantName = "[No Variations]"
Add component (AddParameter): Name = "Supplier Device Package"; Value = "1206"; VariantName = "[No Variations]"
Add component (AddParameter): Name = "Supplier Part Number 1"; Value = "L62211CT-ND"; VariantName = "[No Variations]"
Add component (AddParameter): Name = "Value"; Value = "Red"; VariantName = "[No Variations]"
Add component (AddParameter): Name = "Voltage - Forward (Vf) (Typ)"; Value = "1.7V"; VariantName = "[No Variations]"
Add component (AddParameter): Name = "Wavelength - Peak"; Value = "660nm"; VariantName = "[No Variations]"
Added Pin To Net: NetName=NetD2_1 Pin=D4-1
Added Pin To Net: NetName=GND Pin=D4-2
Added Member To Class: ClassName=RP2040-MCU Member=Component D4 Red
