Replace Part * IC_FLASH_32MB_W25Q32JV in D:\P2022\ALTIUM\STM32H745ZI-Q-BOARD\RP2040-BOARD\RP2040-MCU.SchDoc with IC_FLASH_32MB_W25Q32JV from extra_components.SchLib
Replace Part C1 Capacitor in D:\P2022\ALTIUM\STM32H745ZI-Q-BOARD\RP2040-BOARD\RP2040-MCU.SchDoc with Capacitor from Celestial Altium Library - altium_library.DbLib
Replace Part C2 Capacitor in D:\P2022\ALTIUM\STM32H745ZI-Q-BOARD\RP2040-BOARD\RP2040-MCU.SchDoc with Capacitor from Celestial Altium Library - altium_library.DbLib
Replace Part C3 Capacitor in D:\P2022\ALTIUM\STM32H745ZI-Q-BOARD\RP2040-BOARD\RP2040-MCU.SchDoc with Capacitor from Celestial Altium Library - altium_library.DbLib
Replace Part C4 Capacitor in D:\P2022\ALTIUM\STM32H745ZI-Q-BOARD\RP2040-BOARD\RP2040-MCU.SchDoc with Capacitor from Celestial Altium Library - altium_library.DbLib
Replace Part C5 Capacitor in D:\P2022\ALTIUM\STM32H745ZI-Q-BOARD\RP2040-BOARD\RP2040-MCU.SchDoc with Capacitor from Celestial Altium Library - altium_library.DbLib
Replace Part C6 Capacitor in D:\P2022\ALTIUM\STM32H745ZI-Q-BOARD\RP2040-BOARD\RP2040-MCU.SchDoc with Capacitor from Celestial Altium Library - altium_library.DbLib
Replace Part C7 Capacitor in D:\P2022\ALTIUM\STM32H745ZI-Q-BOARD\RP2040-BOARD\RP2040-MCU.SchDoc with Capacitor from Celestial Altium Library - altium_library.DbLib
Replace Part C8 Capacitor in D:\P2022\ALTIUM\STM32H745ZI-Q-BOARD\RP2040-BOARD\RP2040-MCU.SchDoc with Capacitor from Celestial Altium Library - altium_library.DbLib
Replace Part C9 Capacitor in D:\P2022\ALTIUM\STM32H745ZI-Q-BOARD\RP2040-BOARD\RP2040-MCU.SchDoc with Capacitor from Celestial Altium Library - altium_library.DbLib
Replace Part C10 Capacitor in D:\P2022\ALTIUM\STM32H745ZI-Q-BOARD\RP2040-BOARD\RP2040-MCU.SchDoc with Capacitor from Celestial Altium Library - altium_library.DbLib
Replace Part C11 Capacitor in D:\P2022\ALTIUM\STM32H745ZI-Q-BOARD\RP2040-BOARD\RP2040-MCU.SchDoc with Capacitor from Celestial Altium Library - altium_library.DbLib
Replace Part C12 Capacitor in D:\P2022\ALTIUM\STM32H745ZI-Q-BOARD\RP2040-BOARD\RP2040-MCU.SchDoc with Capacitor from Celestial Altium Library - altium_library.DbLib
Replace Part C13 Capacitor in D:\P2022\ALTIUM\STM32H745ZI-Q-BOARD\RP2040-BOARD\RP2040-MCU.SchDoc with Capacitor from Celestial Altium Library - altium_library.DbLib
Replace Part C14 Capacitor in D:\P2022\ALTIUM\STM32H745ZI-Q-BOARD\RP2040-BOARD\RP2040-MCU.SchDoc with Capacitor from Celestial Altium Library - altium_library.DbLib
Replace Part C15 Capacitor in D:\P2022\ALTIUM\STM32H745ZI-Q-BOARD\RP2040-BOARD\RP2040-MCU.SchDoc with Capacitor from Celestial Altium Library - altium_library.DbLib
Replace Part C16 Capacitor in D:\P2022\ALTIUM\STM32H745ZI-Q-BOARD\RP2040-BOARD\RP2040-MCU.SchDoc with Capacitor from Celestial Altium Library - altium_library.DbLib
Replace Part C17 Capacitor in D:\P2022\ALTIUM\STM32H745ZI-Q-BOARD\RP2040-BOARD\RP2040-MCU.SchDoc with Capacitor from Celestial Altium Library - altium_library.DbLib
Replace Part C18 Capacitor in D:\P2022\ALTIUM\STM32H745ZI-Q-BOARD\RP2040-BOARD\RP2040-MCU.SchDoc with Capacitor from Celestial Altium Library - altium_library.DbLib
Replace Part C19 Capacitor in D:\P2022\ALTIUM\STM32H745ZI-Q-BOARD\RP2040-BOARD\RP2040-MCU.SchDoc with Capacitor from Celestial Altium Library - altium_library.DbLib
Replace Part C20 Capacitor in D:\P2022\ALTIUM\STM32H745ZI-Q-BOARD\RP2040-BOARD\RP2040-MCU.SchDoc with Capacitor from Celestial Altium Library - altium_library.DbLib
Replace Part C21 Capacitor in D:\P2022\ALTIUM\STM32H745ZI-Q-BOARD\RP2040-BOARD\RP2040-MCU.SchDoc with Capacitor from Celestial Altium Library - altium_library.DbLib
Replace Part D1 Diode in D:\P2022\ALTIUM\STM32H745ZI-Q-BOARD\RP2040-BOARD\RP2040-MCU.SchDoc with Diode from Celestial Altium Library - altium_library.DbLib
Replace Part D3 LED in D:\P2022\ALTIUM\STM32H745ZI-Q-BOARD\RP2040-BOARD\RP2040-MCU.SchDoc with LED from Celestial Altium Library - altium_library.DbLib
Replace Part IC1 ANALOG DEV TMP3x 5 PIN in D:\P2022\ALTIUM\STM32H745ZI-Q-BOARD\RP2040-BOARD\RP2040-MCU.SchDoc with ANALOG DEV TMP3x 5 PIN from Celestial Altium Library - altium_library.DbLib
Replace Part IC2 ST LD1117 in D:\P2022\ALTIUM\STM32H745ZI-Q-BOARD\RP2040-BOARD\RP2040-MCU.SchDoc with ST LD1117 from Celestial Altium Library - altium_library.DbLib
Replace Part J1 CON_USB-C_USB4105-GF-A in D:\P2022\ALTIUM\STM32H745ZI-Q-BOARD\RP2040-BOARD\RP2040-MCU.SchDoc with CON_USB-C_USB4105-GF-A from extra_components.SchLib
Replace Part J2 WURTH 693071010811 MICROSD in D:\P2022\ALTIUM\STM32H745ZI-Q-BOARD\RP2040-BOARD\RP2040-MCU.SchDoc with WURTH 693071010811 MICROSD from Celestial Altium Library - altium_library.DbLib
Replace Part P1 61300411121 in D:\P2022\ALTIUM\STM32H745ZI-Q-BOARD\RP2040-BOARD\RP2040-MCU.SchDoc with 61300411121 from Altium_WR-PHD.IntLib
Replace Part P2 61301811121 in D:\P2022\ALTIUM\STM32H745ZI-Q-BOARD\RP2040-BOARD\RP2040-MCU.SchDoc with 61301811121 from Altium_WR-PHD.IntLib
Replace Part P3 61301811121 in D:\P2022\ALTIUM\STM32H745ZI-Q-BOARD\RP2040-BOARD\RP2040-MCU.SchDoc with 61301811121 from Altium_WR-PHD.IntLib
Replace Part P4 61300421121 in D:\P2022\ALTIUM\STM32H745ZI-Q-BOARD\RP2040-BOARD\RP2040-MCU.SchDoc with 61300421121 from Altium_WR-PHD.IntLib
Replace Part R1 Resistor in D:\P2022\ALTIUM\STM32H745ZI-Q-BOARD\RP2040-BOARD\RP2040-MCU.SchDoc with Resistor from Celestial Altium Library - altium_library.DbLib
Replace Part R2 Resistor in D:\P2022\ALTIUM\STM32H745ZI-Q-BOARD\RP2040-BOARD\RP2040-MCU.SchDoc with Resistor from Celestial Altium Library - altium_library.DbLib
Replace Part R3 Resistor in D:\P2022\ALTIUM\STM32H745ZI-Q-BOARD\RP2040-BOARD\RP2040-MCU.SchDoc with Resistor from Celestial Altium Library - altium_library.DbLib
Replace Part R4 Resistor in D:\P2022\ALTIUM\STM32H745ZI-Q-BOARD\RP2040-BOARD\RP2040-MCU.SchDoc with Resistor from Celestial Altium Library - altium_library.DbLib
Replace Part R5 Resistor in D:\P2022\ALTIUM\STM32H745ZI-Q-BOARD\RP2040-BOARD\RP2040-MCU.SchDoc with Resistor from Celestial Altium Library - altium_library.DbLib
Replace Part R6 Resistor in D:\P2022\ALTIUM\STM32H745ZI-Q-BOARD\RP2040-BOARD\RP2040-MCU.SchDoc with Resistor from Celestial Altium Library - altium_library.DbLib
Replace Part R7 Resistor in D:\P2022\ALTIUM\STM32H745ZI-Q-BOARD\RP2040-BOARD\RP2040-MCU.SchDoc with Resistor from Celestial Altium Library - altium_library.DbLib
Replace Part R8 Resistor in D:\P2022\ALTIUM\STM32H745ZI-Q-BOARD\RP2040-BOARD\RP2040-MCU.SchDoc with Resistor from Celestial Altium Library - altium_library.DbLib
Replace Part R9 Resistor in D:\P2022\ALTIUM\STM32H745ZI-Q-BOARD\RP2040-BOARD\RP2040-MCU.SchDoc with Resistor from Celestial Altium Library - altium_library.DbLib
Replace Part S1 NKK SS312 in D:\P2022\ALTIUM\STM32H745ZI-Q-BOARD\RP2040-BOARD\RP2040-MCU.SchDoc with NKK SS312 from Celestial Altium Library - altium_library.DbLib
Replace Part SW1 435431019840 in D:\P2022\ALTIUM\STM32H745ZI-Q-BOARD\RP2040-BOARD\RP2040-MCU.SchDoc with 435431019840 from Altium_WS-TASV-BUTTON.IntLib
Replace Part U1 RP2040 in D:\P2022\ALTIUM\STM32H745ZI-Q-BOARD\RP2040-BOARD\RP2040-MCU.SchDoc with RP2040 from extra_components.SchLib
Replace Part Y1 NDK Crystal NX3225SA in D:\P2022\ALTIUM\STM32H745ZI-Q-BOARD\RP2040-BOARD\RP2040-MCU.SchDoc with NDK Crystal NX3225SA from Celestial Altium Library - altium_library.DbLib
